Array
(
    [id_auto] => 3
    [cantidad] => 1
    [tipo] => auto
)
Array
(
    [id_auto] => 4
    [cantidad] => 1
    [tipo] => auto
)
Array
(
    [id_auto] => 1
    [cantidad] => 1
    [tipo] => auto
)
Array
(
    [id_paquete] => 3
    [cantidad] => 1
    [tipo] => paquete
)
Array
(
    [id_paquete] => 1
    [cantidad] => 1
    [tipo] => paquete
)
Array
(
    [id_paquete] => 6
    [cantidad] => 1
    [tipo] => paquete
)
Array
(
    [id_paquete] => 5
    [cantidad] => 1
    [tipo] => paquete
)
Array
(
    [id_paquete] => 6
    [cantidad] => 1
    [tipo] => paquete
)
Array
(
    [id_paquete] => 5
    [cantidad] => 1
    [tipo] => paquete
)
Array
(
    [id_auto] => 3
    [cantidad] => 1
    [tipo] => auto
)
Array
(
    [id_pasaje] => 1
    [cantidad] => 1
    [tipo] => pasaje
)
Array
(
    [id_pasaje] => 2
    [cantidad] => 1
    [tipo] => pasaje
)
Array
(
    [id_auto] => 3
    [cantidad] => 1
    [tipo] => auto
)
Array
(
    [id_auto] => 4
    [cantidad] => 1
    [tipo] => auto
)
Array
(
    [id_auto] => 3
    [cantidad] => 1
    [tipo] => auto
)
Array
(
    [id_auto] => 4
    [cantidad] => 1
    [tipo] => auto
)
Array
(
    [id_auto] => 1
    [cantidad] => 1
    [tipo] => auto
)
Array
(
    [id_paquete] => 3
    [cantidad] => 1
    [tipo] => paquete
)
Array
(
    [id_paquete] => 4
    [cantidad] => 1
    [tipo] => paquete
)
Array
(
    [id_paquete] => 1
    [cantidad] => 1
    [tipo] => paquete
)
Array
(
    [id_paquete] => 4
    [cantidad] => 1
    [tipo] => paquete
)
Array
(
    [id_paquete] => 3
    [cantidad] => 1
    [tipo] => paquete
)
Array
(
    [id_auto] => 4
    [cantidad] => 1
    [tipo] => auto
)
Array
(
    [id_auto] => 6
    [cantidad] => 2
    [tipo] => auto
)
Array
(
    [id_auto] => 5
    [cantidad] => 1
    [tipo] => auto
)
Array
(
    [id_paquete] => 4
    [cantidad] => 1
    [tipo] => paquete
)
Array
(
    [id_auto] => 3
    [cantidad] => 1
    [tipo] => auto
)
Array
(
    [id_auto] => 3
    [cantidad] => 1
    [tipo] => auto
)
Array
(
    [id_auto] => 3
    [cantidad] => 1
    [tipo] => auto
)
Array
(
    [id_estadia] => 2
    [cantidad] => 1
    [tipo] => estadia
)
Array
(
    [id_estadia] => 2
    [cantidad] => 1
    [tipo] => estadia
)
Array
(
    [id_paquete] => 3
    [cantidad] => 1
    [tipo] => paquete
)
Array
(
    [id_paquete] => 3
    [cantidad] => 1
    [tipo] => paquete
)
Array
(
    [id_paquete] => 1
    [cantidad] => 1
    [tipo] => paquete
)
Array
(
    [id_paquete] => 3
    [cantidad] => 1
    [tipo] => paquete
)
Array
(
    [id_pasaje] => 1
    [cantidad] => 1
    [tipo] => pasaje
)
Array
(
    [id_auto] => 1
    [cantidad] => 1
    [tipo] => auto
)
Array
(
    [id_paquete] => 7
    [cantidad] => 1
    [tipo] => paquete
)
Array
(
    [id_auto] => 3
    [cantidad] => 1
    [tipo] => auto
)
Array
(
    [id_estadia] => 8
    [cantidad] => 1
    [tipo] => estadia
)
Array
(
    [id_pasaje] => 2
    [cantidad] => 1
    [tipo] => pasaje
)
Array
(
    [id_paquete] => 3
    [cantidad] => 2
    [tipo] => paquete
)
Array
(
    [id_paquete] => 3
    [cantidad] => 2
    [tipo] => paquete
)
Array
(
    [id_auto] => 3
    [cantidad] => 1
    [tipo] => auto
)
Array
(
    [id_auto] => 1
    [tipo] => auto
    [cantidad] => 1
)
Array
(
    [id_auto] => 1
    [tipo] => auto
    [cantidad] => 1
)
Array
(
    [id_paquete] => 3
    [cantidad] => 2
    [tipo] => paquete
)
Array
(
    [id_paquete] => 1
    [tipo] => paquete
    [cantidad] => 1
)
Array
(
    [id_estadia] => 6
    [tipo] => estadia
    [cantidad] => 1
)
Array
(
    [id_pasaje] => 1
    [tipo] => pasaje
    [cantidad] => 1
)
Array
(
    [id_pasaje] => 2
    [tipo] => pasaje
    [cantidad] => 1
)
Array
(
    [id_pasaje] => 3
    [tipo] => pasaje
    [cantidad] => 1
)
Array
(
    [id_pasaje] => 3
    [tipo] => pasaje
    [cantidad] => 1
)
Array
(
    [id_pasaje] => 1
    [tipo] => pasaje
    [cantidad] => 1
)
Array
(
    [id_paquete] => 3
    [tipo] => paquete
    [cantidad] => 1
)
Array
(
    [id_paquete] => 6
    [tipo] => paquete
    [cantidad] => 1
)
Array
(
    [id_paquete] => 3
    [tipo] => paquete
    [cantidad] => 1
)
Array
(
    [id_paquete] => 1
    [tipo] => paquete
    [cantidad] => 1
)
Array
(
    [id_paquete] => 3
    [tipo] => paquete
    [cantidad] => 1
)
Array
(
    [id_paquete] => 1
    [tipo] => paquete
    [cantidad] => 1
)
Array
(
    [id_paquete] => 3
    [tipo] => paquete
    [cantidad] => 1
)
Array
(
    [id_paquete] => 5
    [tipo] => paquete
    [cantidad] => 1
)
Array
(
    [id_estadia] => 2
    [tipo] => estadia
    [cantidad] => 1
)
Array
(
    [id_auto] => 1
    [tipo] => auto
    [cantidad] => 1
)
Array
(
    [id_auto] => 1
    [tipo] => auto
    [cantidad] => 1
)
Array
(
    [id_auto] => 1
    [tipo] => auto
    [cantidad] => 1
)
Array
(
    [id_auto] => 1
    [tipo] => auto
    [cantidad] => 1
)
Array
(
    [id_auto] => 1
    [tipo] => auto
    [cantidad] => 1
)
Array
(
    [id_auto] => 3
    [tipo] => auto
    [cantidad] => 1
)
Array
(
    [id_auto] => 1
    [tipo] => auto
    [cantidad] => 1
)
Array
(
    [id_auto] => 1
    [tipo] => auto
    [cantidad] => 1
)
Array
(
    [id_auto] => 4
    [tipo] => auto
    [cantidad] => 1
)
Array
(
    [id_estadia] => 1
    [tipo] => estadia
    [cantidad] => 1
)
Array
(
    [id_estadia] => 1
    [tipo] => estadia
    [cantidad] => 1
)
Array
(
    [id_paquete] => 3
    [tipo] => paquete
    [cantidad] => 1
)
Array
(
    [id_paquete] => 3
    [tipo] => paquete
    [cantidad] => 1
)
Array
(
    [id_paquete] => 1
    [tipo] => paquete
    [cantidad] => 1
)
Array
(
    [id_paquete] => 3
    [tipo] => paquete
    [cantidad] => 1
)
Array
(
    [id_pasaje] => 1
    [tipo] => pasaje
    [cantidad] => 1
)
Array
(
    [id_paquete] => 3
    [tipo] => paquete
    [cantidad] => 1
)
